Resource Usage Report for TDR 

Mapping to part: m2s150fc1152std
Cell usage:
CLKINT          1 use
CFG1           18 uses
CFG2           190 uses
CFG3           257 uses
CFG4           466 uses

Carry primitives used for arithmetic functions:
ARI1           75 uses


Sequential Cells: 
SLE            539 uses

DSP Blocks:    0

I/O ports: 260
I/O primitives: 122
BIBUF          32 uses
INBUF          18 uses
OUTBUF         40 uses
TRIBUFF        32 uses


Global Clock Buffers: 1


Total LUTs:    1006

Extra resources required for RAM and MACC interface logic during P&R:

RAM64x18 Interface Logic : SLEs = 0; LUTs = 0;
RAM1K18  Interface Logic : SLEs = 0; LUTs = 0;
MACC     Interface Logic : SLEs = 0; LUTs = 0;

Total number of SLEs after P&R:  539 + 0 + 0 + 0 = 539;
Total number of LUTs after P&R:  1006 + 0 + 0 + 0 = 1006;

